<?xml version="1.0" encoding="UTF-8"?>
<!-- Generated by org.testng.reporters.JUnitReportReporter -->
<testsuite skipped="0" hostname="DESKTOP-RAF98SB" name="com.Upskill.ibm.TestCases_WEEK1" tests="1" failures="0" timestamp="30 Oct 2019 10:00:51 GMT" time="9.865" errors="0">
  <testcase name="testCase4" time="9.865" classname="com.Upskill.ibm.TestCases_WEEK1"/>
</testsuite> <!-- com.Upskill.ibm.TestCases_WEEK1 -->
