<?xml version="1.0" encoding="UTF-8"?>
<!-- Generated by org.testng.reporters.JUnitReportReporter -->
<testsuite skipped="0" hostname="DESKTOP-RAF98SB" name="com.training.sanity.tests.FourthTestCase" tests="1" failures="0" timestamp="05 Nov 2019 10:15:55 GMT" time="40.608" errors="0">
  <testcase name="testCase4" time="40.608" classname="com.training.sanity.tests.FourthTestCase"/>
</testsuite> <!-- com.training.sanity.tests.FourthTestCase -->
