<?xml version="1.0" encoding="UTF-8"?>
<!-- Generated by org.testng.reporters.JUnitReportReporter -->
<testsuite skipped="0" hostname="DESKTOP-RAF98SB" name="com.training.sanity.tests.SecondTestCase" tests="1" failures="0" timestamp="05 Nov 2019 06:45:07 GMT" time="44.004" errors="0">
  <testcase name="testCase2" time="44.004" classname="com.training.sanity.tests.SecondTestCase"/>
</testsuite> <!-- com.training.sanity.tests.SecondTestCase -->
