<?xml version="1.0" encoding="UTF-8"?>
<!-- Generated by org.testng.reporters.JUnitReportReporter -->
<testsuite skipped="0" hostname="DESKTOP-RAF98SB" name="com.training.sanity.tests.SixthTestCase" tests="1" failures="0" timestamp="06 Nov 2019 06:29:42 GMT" time="58.821" errors="0">
  <testcase name="testCase1" time="58.821" classname="com.training.sanity.tests.SixthTestCase"/>
</testsuite> <!-- com.training.sanity.tests.SixthTestCase -->
