<?xml version="1.0" encoding="UTF-8"?>
<!-- Generated by org.testng.reporters.JUnitReportReporter -->
<testsuite skipped="0" hostname="DESKTOP-RAF98SB" name="com.training.sanity.tests.ThirdTestCase" tests="1" failures="0" timestamp="05 Nov 2019 07:02:08 GMT" time="43.453" errors="0">
  <testcase name="testCase3" time="43.453" classname="com.training.sanity.tests.ThirdTestCase"/>
</testsuite> <!-- com.training.sanity.tests.ThirdTestCase -->
