<?xml version="1.0" encoding="UTF-8"?>
<!-- Generated by org.testng.reporters.JUnitReportReporter -->
<testsuite skipped="0" hostname="DESKTOP-RAF98SB" name="com.training.sanity.tests.FifthTestCase" tests="1" failures="0" timestamp="05 Nov 2019 10:40:11 GMT" time="38.896" errors="0">
  <testcase name="testCase5" time="38.896" classname="com.training.sanity.tests.FifthTestCase"/>
</testsuite> <!-- com.training.sanity.tests.FifthTestCase -->
