<?xml version="1.0" encoding="UTF-8"?>
<!-- Generated by org.testng.reporters.JUnitReportReporter -->
<testsuite skipped="0" hostname="DESKTOP-RAF98SB" name="com.training.sanity.tests.SeventhTestCase" tests="1" failures="0" timestamp="08 Nov 2019 06:11:13 GMT" time="67.851" errors="0">
  <testcase name="testCase1" time="67.851" classname="com.training.sanity.tests.SeventhTestCase"/>
</testsuite> <!-- com.training.sanity.tests.SeventhTestCase -->
