<?xml version="1.0" encoding="UTF-8"?>
<!-- Generated by org.testng.reporters.JUnitReportReporter -->
<testsuite skipped="0" hostname="DESKTOP-RAF98SB" name="com.training.sanity.tests.EigthTestCase" tests="1" failures="0" timestamp="08 Nov 2019 06:12:19 GMT" time="49.809" errors="0">
  <testcase name="testCase8" time="49.809" classname="com.training.sanity.tests.EigthTestCase"/>
</testsuite> <!-- com.training.sanity.tests.EigthTestCase -->
