<?xml version="1.0" encoding="UTF-8"?>
<!-- Generated by org.testng.reporters.JUnitReportReporter -->
<testsuite skipped="0" hostname="DESKTOP-RAF98SB" name="com.training.sanity.tests.FirstTestCase" tests="1" failures="0" timestamp="05 Nov 2019 05:56:01 GMT" time="50.931" errors="0">
  <testcase name="testCase1" time="50.931" classname="com.training.sanity.tests.FirstTestCase"/>
</testsuite> <!-- com.training.sanity.tests.FirstTestCase -->
